<?xml version="1.0" encoding="UTF-8"?>
<testng-results ignored="0" total="1" passed="1" failed="0" skipped="0">
  <reporter-output>
  </reporter-output>
  <suite started-at="2023-04-20T19:28:58 IST" name="Default suite" finished-at="2023-04-20T19:30:14 IST" duration-ms="75901">
    <groups>
    </groups>
    <test started-at="2023-04-20T19:28:58 IST" name="Default test" finished-at="2023-04-20T19:30:14 IST" duration-ms="75901">
      <class name="spiceJetScripts.SpiceJetScenario">
        <test-method signature="test()[pri:0, instance:spiceJetScripts.SpiceJetScenario@625732]" started-at="2023-04-20T19:28:58 IST" name="test" finished-at="2023-04-20T19:30:14 IST" duration-ms="75748" status="PASS">
          <reporter-output>
          </reporter-output>
        </test-method> <!-- test -->
      </class> <!-- spiceJetScripts.SpiceJetScenario -->
    </test> <!-- Default test -->
  </suite> <!-- Default suite -->
</testng-results>
